2025-09-29 08:49:20 [ERROR]: PrismaClientValidationError: 
Invalid `prisma.user.findUnique()` invocation in
D:\laragon\www\be-crafix\routes\usersRoutes.js:155:37

  152 // get by id
  153 router.get('/:id', async (req, res) => {
  154   try {
→ 155     const users = await prisma.user.findUnique({
            select: {
              id: true,
              username: true,
              email: true,
              role: true,
              createdAt: true,
              updatedAt: true
            },
          + where: {
          +   id: Int,
          +   username: String,
          +   email: String,
          +   AND: UserWhereInput | UserWhereInput[],
          +   OR: UserWhereInput[],
          +   NOT: UserWhereInput | UserWhereInput[],
          +   password: StringFilter | String,
          +   role: StringFilter | String,
          +   createdAt: DateTimeFilter | DateTime,
          +   updatedAt: DateTimeFilter | DateTime
          + }
          })

Argument `where` is missing.
    at Nn (D:\laragon\www\be-crafix\node_modules\@prisma\client\runtime\library.js:29:1363)
    at ei.handleRequestError (D:\laragon\www\be-crafix\node_modules\@prisma\client\runtime\library.js:121:6911)
    at ei.handleAndLogRequestError (D:\laragon\www\be-crafix\node_modules\@prisma\client\runtime\library.js:121:6593)
    at ei.request (D:\laragon\www\be-crafix\node_modules\@prisma\client\runtime\library.js:121:6300)
    at async a (D:\laragon\www\be-crafix\node_modules\@prisma\client\runtime\library.js:130:9551)
    at async D:\laragon\www\be-crafix\routes\usersRoutes.js:155:19
